TN:
SF:src/apps/users/dao.ts
FN:8,(anonymous_0)
FN:12,(anonymous_1)
FN:16,(anonymous_2)
FN:21,(anonymous_3)
FNF:4
FNH:4
FNDA:1,(anonymous_0)
FNDA:1,(anonymous_1)
FNDA:1,(anonymous_2)
FNDA:1,(anonymous_3)
DA:4,1
DA:5,1
DA:7,1
DA:9,1
DA:13,1
DA:17,1
DA:18,1
DA:22,1
DA:23,1
DA:24,1
LF:10
LH:10
BRF:0
BRH:0
end_of_record
TN:
SF:src/apps/users/models.ts
FN:24,(anonymous_1)
FNF:1
FNH:1
FNDA:3,(anonymous_1)
DA:1,2
DA:2,2
DA:4,2
DA:6,2
DA:24,2
DA:25,3
DA:26,3
DA:27,3
DA:28,3
DA:32,2
DA:34,2
LF:11
LH:11
BRDA:25,0,0,3
BRDA:25,0,1,0
BRDA:27,1,0,0
BRDA:27,1,1,3
BRF:4
BRH:2
end_of_record
TN:
SF:src/dao/BaseDao.ts
FNF:0
FNH:0
DA:4,1
LF:1
LH:1
BRF:0
BRH:0
end_of_record
TN:
SF:src/util/encrypt.ts
FN:5,encrypt
FNF:1
FNH:1
FNDA:3,encrypt
DA:1,2
DA:3,2
DA:5,2
DA:6,3
DA:7,3
DA:9,3
DA:10,3
DA:12,3
LF:8
LH:8
BRDA:7,0,0,0
BRDA:7,0,1,3
BRDA:10,1,0,0
BRDA:10,1,1,3
BRF:4
BRH:2
end_of_record
TN:
SF:src/util/test-db.ts
FN:3,removeAllCollections
FN:11,dropAllCollections
FN:19,setupTestDb
FN:20,(anonymous_4)
FN:25,(anonymous_5)
FN:29,(anonymous_6)
FNF:6
FNH:6
FNDA:4,removeAllCollections
FNDA:1,dropAllCollections
FNDA:1,setupTestDb
FNDA:1,(anonymous_4)
FNDA:4,(anonymous_5)
FNDA:1,(anonymous_6)
DA:1,1
DA:3,1
DA:4,4
DA:5,4
DA:6,4
DA:7,4
DA:11,1
DA:12,1
DA:13,1
DA:14,1
DA:15,1
DA:19,1
DA:20,1
DA:21,1
DA:22,1
DA:25,1
DA:26,4
DA:29,1
DA:30,1
DA:31,1
LF:20
LH:20
BRF:0
BRH:0
end_of_record
